This is pdfTeX, Version 3.14159265-2.6-1.40.15 (TeX Live 2015/dev/Debian) (preloaded format=latex 2015.11.26)  5 FEB 2016 16:42
entering extended mode
 restricted \write18 enabled.
 %&-line parsing enabled.
**coover.tex
(./coover.tex
LaTeX2e <2014/05/01>
Babel <3.9l> and hyphenation patterns for 2 languages loaded.
(/usr/share/texlive/texmf-dist/tex/latex/base/article.cls
Document Class: article 2014/09/29 v1.4h Standard LaTeX document class
(/usr/share/texlive/texmf-dist/tex/latex/base/size10.clo
File: size10.clo 2014/09/29 v1.4h Standard LaTeX file (size option)
)
\c@part=\count79
\c@section=\count80
\c@subsection=\count81
\c@subsubsection=\count82
\c@paragraph=\count83
\c@subparagraph=\count84
\c@figure=\count85
\c@table=\count86
\abovecaptionskip=\skip41
\belowcaptionskip=\skip42
\bibindent=\dimen102
)
(/usr/share/texlive/texmf-dist/tex/latex/amsmath/amsmath.sty
Package: amsmath 2013/01/14 v2.14 AMS math features
\@mathmargin=\skip43

For additional information on amsmath, use the `?' option.
(/usr/share/texlive/texmf-dist/tex/latex/amsmath/amstext.sty
Package: amstext 2000/06/29 v2.01

(/usr/share/texlive/texmf-dist/tex/latex/amsmath/amsgen.sty
File: amsgen.sty 1999/11/30 v2.0
\@emptytoks=\toks14
\ex@=\dimen103
))
(/usr/share/texlive/texmf-dist/tex/latex/amsmath/amsbsy.sty
Package: amsbsy 1999/11/29 v1.2d
\pmbraise@=\dimen104
)
(/usr/share/texlive/texmf-dist/tex/latex/amsmath/amsopn.sty
Package: amsopn 1999/12/14 v2.01 operator names
)
\inf@bad=\count87
LaTeX Info: Redefining \frac on input line 210.
\uproot@=\count88
\leftroot@=\count89
LaTeX Info: Redefining \overline on input line 306.
\classnum@=\count90
\DOTSCASE@=\count91
LaTeX Info: Redefining \ldots on input line 378.
LaTeX Info: Redefining \dots on input line 381.
LaTeX Info: Redefining \cdots on input line 466.
\Mathstrutbox@=\box26
\strutbox@=\box27
\big@size=\dimen105
LaTeX Font Info:    Redeclaring font encoding OML on input line 566.
LaTeX Font Info:    Redeclaring font encoding OMS on input line 567.
\macc@depth=\count92
\c@MaxMatrixCols=\count93
\dotsspace@=\muskip10
\c@parentequation=\count94
\dspbrk@lvl=\count95
\tag@help=\toks15
\row@=\count96
\column@=\count97
\maxfields@=\count98
\andhelp@=\toks16
\eqnshift@=\dimen106
\alignsep@=\dimen107
\tagshift@=\dimen108
\tagwidth@=\dimen109
\totwidth@=\dimen110
\lineht@=\dimen111
\@envbody=\toks17
\multlinegap=\skip44
\multlinetaggap=\skip45
\mathdisplay@stack=\toks18
LaTeX Info: Redefining \[ on input line 2665.
LaTeX Info: Redefining \] on input line 2666.
)
(/usr/share/texlive/texmf-dist/tex/latex/amsfonts/amsfonts.sty
Package: amsfonts 2013/01/14 v3.01 Basic AMSFonts support
\symAMSa=\mathgroup4
\symAMSb=\mathgroup5
LaTeX Font Info:    Overwriting math alphabet `\mathfrak' in version `bold'
(Font)                  U/euf/m/n --> U/euf/b/n on input line 106.
)
(/usr/share/texlive/texmf-dist/tex/latex/amsfonts/amssymb.sty
Package: amssymb 2013/01/14 v3.01 AMS font symbols
)
(/usr/share/texlive/texmf-dist/tex/latex/amscls/amsthm.sty
Package: amsthm 2009/07/02 v2.20.1
\thm@style=\toks19
\thm@bodyfont=\toks20
\thm@headfont=\toks21
\thm@notefont=\toks22
\thm@headpunct=\toks23
\thm@preskip=\skip46
\thm@postskip=\skip47
\thm@headsep=\skip48
\dth@everypar=\toks24
)
(/usr/share/texmf/tex/plain/misc/noweb.sty
\nwmarginglue=\dimen112
\codehsize=\dimen113
\codemargin=\dimen114
\nwdefspace=\dimen115
\equivbox=\box28
LaTeX Font Info:    Try loading font information for U+msa on input line 79.

(/usr/share/texlive/texmf-dist/tex/latex/amsfonts/umsa.fd
File: umsa.fd 2013/01/14 v3.01 AMS symbols A
)
LaTeX Font Info:    Try loading font information for U+msb on input line 79.

(/usr/share/texlive/texmf-dist/tex/latex/amsfonts/umsb.fd
File: umsb.fd 2013/01/14 v3.01 AMS symbols B
)
\plusequivbox=\box29
\nwcodetopsep=\skip49
\nwcodepenalty=\count99
\nwbreakcodespace=\dimen116
\@original@textwidth=\dimen117
\nwcodecommentsep=\skip50
\@nwlopage=\count100
\@nwhipage=\count101
\@nwlosub=\count102
\@nwhisub=\count103
\@nwpagetemp=\count104
\@nwpagecount=\count105
\sub@page=\count106
\@nwalph@n=\count107
\nw@chunkcount=\count108
\@commacount=\count109
\nwix@counter=\count110
)
\c@theorem=\count111
 (./coover.aux)
\openout1 = `coover.aux'.

LaTeX Font Info:    Checking defaults for OML/cmm/m/it on input line 28.
LaTeX Font Info:    ... okay on input line 28.
LaTeX Font Info:    Checking defaults for T1/cmr/m/n on input line 28.
LaTeX Font Info:    ... okay on input line 28.
LaTeX Font Info:    Checking defaults for OT1/cmr/m/n on input line 28.
LaTeX Font Info:    ... okay on input line 28.
LaTeX Font Info:    Checking defaults for OMS/cmsy/m/n on input line 28.
LaTeX Font Info:    ... okay on input line 28.
LaTeX Font Info:    Checking defaults for OMX/cmex/m/n on input line 28.
LaTeX Font Info:    ... okay on input line 28.
LaTeX Font Info:    Checking defaults for U/cmr/m/n on input line 28.
LaTeX Font Info:    ... okay on input line 28.

[1

]
Overfull \hbox (13.64845pt too wide) in paragraph at lines 124--124
 []    \OT1/cmtt/m/n/9 a sequence of handle-slides of the initial presentation 
P yields a presentation P' with |P'| < |P|.)[]  
 []


Overfull \hbox (4.19856pt too wide) in paragraph at lines 127--127
 []\OT1/cmtt/m/n/9 HIT 'E' TO HAVE HEEGAARD STABILIZE THE IP, COMPUTE HS REPS A
ND CHECK IF THE IP APPEARS ON THE HS LIST.[]  
 []

[2]
Overfull \hbox (4.19856pt too wide) in paragraph at lines 136--136
 []\OT1/cmtt/m/n/9 HIT 'x' TO SIMPLIFY PRESENTATIONS BY SUCCESSIVELY DELETING P
RIMITIVES, WITHOUT CHECKING REALIZABILITY.[]  
 []

[3]
Overfull \hbox (41.99812pt too wide) in paragraph at lines 167--167
 []\OT1/cmtt/m/n/9 1) Number the edges at vertex X counter-clockwise about vert
ex X giving the 'first-edge' at vertex X number 0.[]  
 []


Overfull \hbox (320.76988pt too wide) in paragraph at lines 168--168
 []\OT1/cmtt/m/n/9 2) Note the 'first-edge' at vertex V is the first edge in co
unter-clockwise order about V which connects V to V's 'first-vertex'. (See III 
below for V's 'first-vertex'.)[]  
 []


Overfull \hbox (179.02153pt too wide) in paragraph at lines 169--169
 []\OT1/cmtt/m/n/9 3) For x = a,b ... ,z, number the edges at vertex x clockwis
e about x, giving the 'first-edge' at x the number shown in the following list:
[]  
 []


Overfull \hbox (273.52043pt too wide) in paragraph at lines 179--179
 []\OT1/cmtt/m/n/9 III) CO[v] lists the vertices in the link of vertex v in cou
nter-clockwise cyclic order starting with the 'first-vertex' in lexicographic o
rder connected to v.[]  
 []


Overfull \hbox (122.32219pt too wide) in paragraph at lines 190--190
 []\OT1/cmtt/m/n/9 A [pos = "240,262!"]; a [pos = "339,187!"]; B [pos = "30,30!
"]; b [pos = "550,420!"]; C [pos = "30,420!"]; c [pos = "550,30!"];[]  
 []


Overfull \hbox (117.59724pt too wide) in paragraph at lines 191--191
 [] \OT1/cmtt/m/n/9 edge [fontsize = 10]; { A -- a ; A -- B ; A -- b ; A -- C ;
 a -- B ; a -- b ; a -- c ; B -- C ; B -- c ; b -- C ; b -- c ; }}[]  
 []

[4]
LaTeX Font Info:    Try loading font information for OMS+cmr on input line 211.

 (/usr/share/texlive/texmf-dist/tex/latex/base/omscmr.fd
File: omscmr.fd 2014/09/29 v2.5h Standard LaTeX font definitions
)
LaTeX Font Info:    Font shape `OMS/cmr/m/n' in size <10> not available
(Font)              Font shape `OMS/cmsy/m/n' tried instead on input line 211.
 [5] [6]
(./coover.aux) ) 
Here is how much of TeX's memory you used:
 1550 strings out of 495021
 17741 string characters out of 6181349
 72438 words of memory out of 5000000
 4783 multiletter control sequences out of 15000+600000
 14243 words of font info for 56 fonts, out of 8000000 for 9000
 14 hyphenation exceptions out of 8191
 27i,6n,24p,221b,301s stack positions out of 5000i,500n,10000p,200000b,80000s

Output written on coover.dvi (6 pages, 11528 bytes).
